Using pre-set license
Built from '2022.3/staging' branch; Version is '2022.3.51f1 (9f9d16c45e54) revision 10460438'; Using compiler version '192829333'; Build Type 'Release'
OS: 'Windows 10  (10.0.19045) 64bit Enterprise' Language: 'en' Physical Memory: 32602 MB
BatchMode: 1, IsHumanControllingUs: 0, StartBugReporterOnCrash: 0, Is64bit: 1, IsPro: 1

COMMAND LINE ARGUMENTS:
C:\Program Files\Unity 2022.3.51f1\Editor\Unity.exe
-adb2
-batchMode
-noUpm
-name
AssetImportWorker0
-projectPath
C:/Users/dombrowskasrf/Desktop/RapidProject03/Repository/Attic-Racer
-logFile
Logs/AssetImportWorker0.log
-srvPort
59549
Successfully changed project path to: C:/Users/dombrowskasrf/Desktop/RapidProject03/Repository/Attic-Racer
C:/Users/dombrowskasrf/Desktop/RapidProject03/Repository/Attic-Racer
[UnityMemory] Configuration Parameters - Can be set up in boot.config
    "memorysetup-bucket-allocator-granularity=16"
    "memorysetup-bucket-allocator-bucket-count=8"
    "memorysetup-bucket-allocator-block-size=33554432"
    "memorysetup-bucket-allocator-block-count=8"
    "memorysetup-main-allocator-block-size=16777216"
    "memorysetup-thread-allocator-block-size=16777216"
    "memorysetup-gfx-main-allocator-block-size=16777216"
    "memorysetup-gfx-thread-allocator-block-size=16777216"
    "memorysetup-cache-allocator-block-size=4194304"
    "memorysetup-typetree-allocator-block-size=2097152"
    "memorysetup-profiler-bucket-allocator-granularity=16"
    "memorysetup-profiler-bucket-allocator-bucket-count=8"
    "memorysetup-profiler-bucket-allocator-block-size=33554432"
    "memorysetup-profiler-bucket-allocator-block-count=8"
    "memorysetup-profiler-allocator-block-size=16777216"
    "memorysetup-profiler-editor-allocator-block-size=1048576"
    "memorysetup-temp-allocator-size-main=16777216"
    "memorysetup-job-temp-allocator-block-size=2097152"
    "memorysetup-job-temp-allocator-block-size-background=1048576"
    "memorysetup-job-temp-allocator-reduction-small-platforms=262144"
    "memorysetup-allocator-temp-initial-block-size-main=262144"
    "memorysetup-allocator-temp-initial-block-size-worker=262144"
    "memorysetup-temp-allocator-size-background-worker=32768"
    "memorysetup-temp-allocator-size-job-worker=262144"
    "memorysetup-temp-allocator-size-preload-manager=33554432"
    "memorysetup-temp-allocator-size-nav-mesh-worker=65536"
    "memorysetup-temp-allocator-size-audio-worker=65536"
    "memorysetup-temp-allocator-size-cloud-worker=32768"
    "memorysetup-temp-allocator-size-gi-baking-worker=262144"
    "memorysetup-temp-allocator-size-gfx=262144"
Player connection [11592]  Target information:

Player connection [11592]  * "[IP] 10.1.150.153 [Port] 0 [Flags] 2 [Guid] 2400974904 [EditorId] 2400974904 [Version] 1048832 [Id] WindowsEditor(7,RM11-0505) [Debug] 1 [PackageName] WindowsEditor [ProjectName] Editor" 

Player connection [11592] Host joined multi-casting on [225.0.0.222:54997]...
Player connection [11592] Host joined alternative multi-casting on [225.0.0.222:34997]...
[PhysX] Initialized MultithreadedTaskDispatcher with 16 workers.
Refreshing native plugins compatible for Editor in 26.33 ms, found 12 plugins.
Preloading 1 native plugins for Editor in 0.51 ms.
Initialize engine version: 2022.3.51f1 (9f9d16c45e54)
[Subsystems] Discovering subsystems at path C:/Program Files/Unity 2022.3.51f1/Editor/Data/Resources/UnitySubsystems
[Subsystems] Discovering subsystems at path C:/Users/dombrowskasrf/Desktop/RapidProject03/Repository/Attic-Racer/Assets
GfxDevice: creating device client; threaded=0; jobified=0
Direct3D:
    Version:  Direct3D 11.0 [level 11.1]
    Renderer: NVIDIA GeForce RTX 2070 (ID=0x1f02)
    Vendor:   NVIDIA
    VRAM:     8031 MB
    Driver:   27.21.14.5751
Initialize mono
Mono path[0] = 'C:/Program Files/Unity 2022.3.51f1/Editor/Data/Managed'
Mono path[1] = 'C:/Program Files/Unity 2022.3.51f1/Editor/Data/MonoBleedingEdge/lib/mono/unityjit-win32'
Mono config path = 'C:/Program Files/Unity 2022.3.51f1/Editor/Data/MonoBleedingEdge/etc'
Using monoOptions --debugger-agent=transport=dt_socket,embedding=1,server=y,suspend=n,address=127.0.0.1:56096
Begin MonoManager ReloadAssembly
Registering precompiled unity dll's ...
Register platform support module: C:/Program Files/Unity 2022.3.51f1/Editor/Data/PlaybackEngines/WindowsStandaloneSupport/UnityEditor.WindowsStandalone.Extensions.dll
Registered in 0.006430 seconds.
- Loaded All Assemblies, in  0.360 seconds
Native extension for WindowsStandalone target not found
Mono: successfully reloaded assembly
- Finished resetting the current domain, in  0.307 seconds
Domain Reload Profiling: 666ms
	BeginReloadAssembly (112ms)
		ExecutionOrderSort (0ms)
		DisableScriptedObjects (0ms)
		BackupInstance (0ms)
		ReleaseScriptingObjects (0ms)
		CreateAndSetChildDomain (1ms)
	RebuildCommonClasses (33ms)
	RebuildNativeTypeToScriptingClass (11ms)
	initialDomainReloadingComplete (56ms)
	LoadAllAssembliesAndSetupDomain (147ms)
		LoadAssemblies (110ms)
		RebuildTransferFunctionScriptingTraits (0ms)
		AnalyzeDomain (145ms)
			TypeCache.Refresh (144ms)
				TypeCache.ScanAssembly (130ms)
			ScanForSourceGeneratedMonoScriptInfo (0ms)
			ResolveRequiredComponents (0ms)
	FinalizeReload (308ms)
		ReleaseScriptCaches (0ms)
		RebuildScriptCaches (0ms)
		SetupLoadedEditorAssemblies (260ms)
			LogAssemblyErrors (0ms)
			InitializePlatformSupportModulesInManaged (9ms)
			SetLoadedEditorAssemblies (7ms)
			RefreshPlugins (0ms)
			BeforeProcessingInitializeOnLoad (2ms)
			ProcessInitializeOnLoadAttributes (187ms)
			ProcessInitializeOnLoadMethodAttributes (54ms)
			AfterProcessingInitializeOnLoad (0ms)
			EditorAssembliesLoaded (0ms)
		ExecutionOrderSort2 (0ms)
		AwakeInstancesAfterBackupRestoration (0ms)
========================================================================
Worker process is ready to serve import requests
Caller must complete domain reload
Begin MonoManager ReloadAssembly
- Loaded All Assemblies, in  0.821 seconds
Native extension for WindowsStandalone target not found
Package Manager log level set to [2]
[Package Manager] Server::EnsureServerProcessIsRunning -- launch failed, reason: Unity was launched with the -noUpm command-line argument
[Package Manager] UpmClient::Send -- Unable to send message (not connected to UPM process).
[Package Manager] Cannot connect to Unity Package Manager local server
System.Reflection.TargetInvocationException: Exception has been thrown by the target of an invocation. ---> System.NullReferenceException: Object reference not set to an instance of an object
  at Unity.XR.Oculus.OculusLoader.AssetPathToAbsolutePath (System.String assetPath) [0x0003d] in .\Library\PackageCache\com.unity.xr.oculus@4.3.0\Runtime\OculusLoader.cs:307 
  at Unity.XR.Oculus.OculusLoader.EditorLoadOVRPlugin () [0x0008c] in .\Library\PackageCache\com.unity.xr.oculus@4.3.0\Runtime\OculusLoader.cs:292 
  at (wrapper managed-to-native) System.Reflection.RuntimeMethodInfo.InternalInvoke(System.Reflection.RuntimeMethodInfo,object,object[],System.Exception&)
  at System.Reflection.RuntimeMethodInfo.Invoke (System.Object obj, System.Reflection.BindingFlags invokeAttr, System.Reflection.Binder binder, System.Object[] parameters, System.Globalization.CultureInfo culture) [0x0006a] in <1fd52158108c4fe3a6817b50854eb75e>:0 
   --- End of inner exception stack trace ---
  at System.Reflection.RuntimeMethodInfo.Invoke (System.Object obj, System.Reflection.BindingFlags invokeAttr, System.Reflection.Binder binder, System.Object[] parameters, System.Globalization.CultureInfo culture) [0x00083] in <1fd52158108c4fe3a6817b50854eb75e>:0 
  at System.Reflection.MethodBase.Invoke (System.Object obj, System.Object[] parameters) [0x00000] in <1fd52158108c4fe3a6817b50854eb75e>:0 
  at UnityEditor.EditorAssemblies.ProcessInitializeOnLoadMethodAttributes () [0x000a5] in <863800b36fd24ebc9a9b0a985ae0ee1a>:0 
UnityEngine.StackTraceUtility:ExtractStackTrace ()
UnityEngine.DebugLogHandler:LogFormat (UnityEngine.LogType,UnityEngine.Object,string,object[])
UnityEngine.Logger:Log (UnityEngine.LogType,object)
UnityEngine.Debug:LogError (object)
UnityEditor.EditorAssemblies:ProcessInitializeOnLoadMethodAttributes ()

Mono: successfully reloaded assembly
[Package Manager] Server::EnsureServerProcessIsRunning -- launch failed, reason: Unity was launched with the -noUpm command-line argument
[Package Manager] UpmClient::Send -- Unable to send message (not connected to UPM process).
[Package Manager] Cannot connect to Unity Package Manager local server
[Package Manager] Server::EnsureServerProcessIsRunning -- launch failed, reason: Unity was launched with the -noUpm command-line argument
[Package Manager] UpmClient::Send -- Unable to send message (not connected to UPM process).
[Package Manager] Cannot connect to Unity Package Manager local server
- Finished resetting the current domain, in  0.845 seconds
Domain Reload Profiling: 1662ms
	BeginReloadAssembly (146ms)
		ExecutionOrderSort (0ms)
		DisableScriptedObjects (5ms)
		BackupInstance (0ms)
		ReleaseScriptingObjects (0ms)
		CreateAndSetChildDomain (20ms)
	RebuildCommonClasses (34ms)
	RebuildNativeTypeToScriptingClass (11ms)
	initialDomainReloadingComplete (44ms)
	LoadAllAssembliesAndSetupDomain (582ms)
		LoadAssemblies (367ms)
		RebuildTransferFunctionScriptingTraits (0ms)
		AnalyzeDomain (301ms)
			TypeCache.Refresh (251ms)
				TypeCache.ScanAssembly (226ms)
			ScanForSourceGeneratedMonoScriptInfo (35ms)
			ResolveRequiredComponents (13ms)
	FinalizeReload (846ms)
		ReleaseScriptCaches (0ms)
		RebuildScriptCaches (0ms)
		SetupLoadedEditorAssemblies (675ms)
			LogAssemblyErrors (0ms)
			InitializePlatformSupportModulesInManaged (6ms)
			SetLoadedEditorAssemblies (4ms)
			RefreshPlugins (0ms)
			BeforeProcessingInitializeOnLoad (99ms)
			ProcessInitializeOnLoadAttributes (441ms)
			ProcessInitializeOnLoadMethodAttributes (118ms)
			AfterProcessingInitializeOnLoad (7ms)
			EditorAssembliesLoaded (0ms)
		ExecutionOrderSort2 (0ms)
		AwakeInstancesAfterBackupRestoration (7ms)
Launched and connected shader compiler UnityShaderCompiler.exe after 0.04 seconds
Refreshing native plugins compatible for Editor in 15.52 ms, found 12 plugins.
Preloading 1 native plugins for Editor in 0.06 ms.
Unloading 6513 Unused Serialized files (Serialized files now loaded: 0)
Unloading 99 unused Assets / (394.6 KB). Loaded Objects now: 6964.
Memory consumption went from 236.0 MB to 235.6 MB.
Total: 4.199000 ms (FindLiveObjects: 0.479300 ms CreateObjectMapping: 0.428500 ms MarkObjects: 3.031900 ms  DeleteObjects: 0.258200 ms)

AssetImportParameters requested are different than current active one (requested -> active):
  custom:container-demuxer-ogg: 62fdf1f143b41e24485cea50d1cbac27 -> 
  custom:framework-win-MediaFoundation: 216162199b28c13a410421893ffa2e32 -> 
  custom:container-muxer-webm: aa71ff27fc2769a1b78a27578f13a17b -> 
  custom:video-decoder-webm-vp8: 9c59270c3fd7afecdb556c50c9e8de78 -> 
  custom:SearchIndexIgnoredProperties: e643bd26f0fe6173181afceb89e7c659 -> 
  custom:AudioImporter_EditorPlatform: d09bf68614088b80899f8185d706f6e7 -> 
  custom:audio-decoder-ogg-vorbis: bf7c407c2cedff20999df2af8eb42d56 -> 
  custom:audio-encoder-webm-vorbis: bf7c407c2cedff20999df2af8eb42d56 -> 
  custom:video-decoder-ogg-theora: a1e56fd34408186e4bbccfd4996cb3dc -> 
  custom:CustomObjectIndexerAttribute: 72b91833f83ae208fae7752999fa3104 -> 
  custom:container-demuxer-webm: 4f35f7cbe854078d1ac9338744f61a02 -> 
  custom:video-encoder-webm-vp8: eb34c28f22e8b96e1ab97ce403110664 -> 
========================================================================
Received Import Request.
  Time since last request: 562735.217264 seconds.
  path: Assets/Scenes/Track1.unity
  artifactKey: Guid(05cb339d7177cae4388d9037b646043b) Importer(815301076,1909f56bfc062723c751e8b465ee728b)
Start importing Assets/Scenes/Track1.unity using Guid(05cb339d7177cae4388d9037b646043b) Importer(815301076,1909f56bfc062723c751e8b465ee728b) [PhysX] Initialized MultithreadedTaskDispatcher with 16 workers.
 -> (artifact id: '3e3d4e47ced6c70676ecc2f3a20e3cf8') in 0.002612 seconds
Number of updated asset objects reloaded before import = 0
Number of asset objects unloaded after import = 0
========================================================================
Received Import Request.
  Time since last request: 60.731533 seconds.
  path: Assets/Scenes
  artifactKey: Guid(0cc1b79de78bc4991892d4d342d7211a) Importer(815301076,1909f56bfc062723c751e8b465ee728b)
Start importing Assets/Scenes using Guid(0cc1b79de78bc4991892d4d342d7211a) Importer(815301076,1909f56bfc062723c751e8b465ee728b) [PhysX] Initialized MultithreadedTaskDispatcher with 16 workers.
 -> (artifact id: '3a1d07f0d626cb2f61442c702402e352') in 0.000518 seconds
Number of updated asset objects reloaded before import = 0
Number of asset objects unloaded after import = 0
========================================================================
Received Import Request.
  Time since last request: 37.245095 seconds.
  path: Assets/Scenes/InLevelCamera.cs
  artifactKey: Guid(492b514f5f35cfa4fb0afeea39162212) Importer(815301076,1909f56bfc062723c751e8b465ee728b)
Start importing Assets/Scenes/InLevelCamera.cs using Guid(492b514f5f35cfa4fb0afeea39162212) Importer(815301076,1909f56bfc062723c751e8b465ee728b) [PhysX] Initialized MultithreadedTaskDispatcher with 16 workers.
 -> (artifact id: '9d2d983454a1e2619f8fa9eb48302d8f') in 0.001052 seconds
Number of updated asset objects reloaded before import = 0
Number of asset objects unloaded after import = 0
========================================================================
Received Prepare
Caller must complete domain reload
Begin MonoManager ReloadAssembly
- Loaded All Assemblies, in  0.583 seconds
Native extension for WindowsStandalone target not found
[Package Manager] Server::EnsureServerProcessIsRunning -- launch failed, reason: Unity was launched with the -noUpm command-line argument
[Package Manager] UpmClient::Send -- Unable to send message (not connected to UPM process).
[Package Manager] Cannot connect to Unity Package Manager local server
System.NullReferenceException: Object reference not set to an instance of an object
  at UnityEngine.XR.Interaction.Toolkit.Samples.StarterAssets.RenderPipelineValidation..cctor () [0x0000d] in C:\Users\dombrowskasrf\Desktop\RapidProject03\Repository\Attic-Racer\Assets\Samples\XR Interaction Toolkit\3.0.3\Starter Assets\Scripts\MaterialPipelineHandler.cs:16 
UnityEngine.StackTraceUtility:ExtractStackTrace ()
UnityEngine.DebugLogHandler:LogFormat (UnityEngine.LogType,UnityEngine.Object,string,object[])
UnityEngine.Logger:Log (UnityEngine.LogType,object)
UnityEngine.Debug:LogError (object)
UnityEditor.EditorAssemblies:ProcessInitializeOnLoadAttributes (System.Type[])

System.Reflection.TargetInvocationException: Exception has been thrown by the target of an invocation. ---> System.NullReferenceException: Object reference not set to an instance of an object
  at Unity.XR.Oculus.OculusLoader.AssetPathToAbsolutePath (System.String assetPath) [0x0003d] in .\Library\PackageCache\com.unity.xr.oculus@4.3.0\Runtime\OculusLoader.cs:307 
  at Unity.XR.Oculus.OculusLoader.EditorLoadOVRPlugin () [0x0008c] in .\Library\PackageCache\com.unity.xr.oculus@4.3.0\Runtime\OculusLoader.cs:292 
  at (wrapper managed-to-native) System.Reflection.RuntimeMethodInfo.InternalInvoke(System.Reflection.RuntimeMethodInfo,object,object[],System.Exception&)
  at System.Reflection.RuntimeMethodInfo.Invoke (System.Object obj, System.Reflection.BindingFlags invokeAttr, System.Reflection.Binder binder, System.Object[] parameters, System.Globalization.CultureInfo culture) [0x0006a] in <1fd52158108c4fe3a6817b50854eb75e>:0 
   --- End of inner exception stack trace ---
  at System.Reflection.RuntimeMethodInfo.Invoke (System.Object obj, System.Reflection.BindingFlags invokeAttr, System.Reflection.Binder binder, System.Object[] parameters, System.Globalization.CultureInfo culture) [0x00083] in <1fd52158108c4fe3a6817b50854eb75e>:0 
  at System.Reflection.MethodBase.Invoke (System.Object obj, System.Object[] parameters) [0x00000] in <1fd52158108c4fe3a6817b50854eb75e>:0 
  at UnityEditor.EditorAssemblies.ProcessInitializeOnLoadMethodAttributes () [0x000a5] in <863800b36fd24ebc9a9b0a985ae0ee1a>:0 
UnityEngine.StackTraceUtility:ExtractStackTrace ()
UnityEngine.DebugLogHandler:LogFormat (UnityEngine.LogType,UnityEngine.Object,string,object[])
UnityEngine.Logger:Log (UnityEngine.LogType,object)
UnityEngine.Debug:LogError (object)
UnityEditor.EditorAssemblies:ProcessInitializeOnLoadMethodAttributes ()

Mono: successfully reloaded assembly
[Package Manager] Server::EnsureServerProcessIsRunning -- launch failed, reason: Unity was launched with the -noUpm command-line argument
[Package Manager] UpmClient::Send -- Unable to send message (not connected to UPM process).
[Package Manager] Cannot connect to Unity Package Manager local server
- Finished resetting the current domain, in  1.378 seconds
Domain Reload Profiling: 1957ms
	BeginReloadAssembly (186ms)
		ExecutionOrderSort (0ms)
		DisableScriptedObjects (5ms)
		BackupInstance (0ms)
		ReleaseScriptingObjects (0ms)
		CreateAndSetChildDomain (44ms)
	RebuildCommonClasses (40ms)
	RebuildNativeTypeToScriptingClass (12ms)
	initialDomainReloadingComplete (32ms)
	LoadAllAssembliesAndSetupDomain (309ms)
		LoadAssemblies (349ms)
		RebuildTransferFunctionScriptingTraits (0ms)
		AnalyzeDomain (60ms)
			TypeCache.Refresh (11ms)
				TypeCache.ScanAssembly (1ms)
			ScanForSourceGeneratedMonoScriptInfo (34ms)
			ResolveRequiredComponents (14ms)
	FinalizeReload (1378ms)
		ReleaseScriptCaches (0ms)
		RebuildScriptCaches (0ms)
		SetupLoadedEditorAssemblies (653ms)
			LogAssemblyErrors (0ms)
			InitializePlatformSupportModulesInManaged (5ms)
			SetLoadedEditorAssemblies (4ms)
			RefreshPlugins (0ms)
			BeforeProcessingInitializeOnLoad (98ms)
			ProcessInitializeOnLoadAttributes (440ms)
			ProcessInitializeOnLoadMethodAttributes (99ms)
			AfterProcessingInitializeOnLoad (7ms)
			EditorAssembliesLoaded (0ms)
		ExecutionOrderSort2 (0ms)
		AwakeInstancesAfterBackupRestoration (11ms)
Refreshing native plugins compatible for Editor in 15.08 ms, found 12 plugins.
Preloading 1 native plugins for Editor in 0.05 ms.
Unloading 6390 Unused Serialized files (Serialized files now loaded: 0)
Unloading 90 unused Assets / (1.1 MB). Loaded Objects now: 6970.
Memory consumption went from 211.3 MB to 210.2 MB.
Total: 4.252800 ms (FindLiveObjects: 0.482500 ms CreateObjectMapping: 0.432900 ms MarkObjects: 2.921900 ms  DeleteObjects: 0.414500 ms)

Prepare: number of updated asset objects reloaded= 0
AssetImportParameters requested are different than current active one (requested -> active):
  custom:container-demuxer-ogg: 62fdf1f143b41e24485cea50d1cbac27 -> 
  custom:framework-win-MediaFoundation: 216162199b28c13a410421893ffa2e32 -> 
  custom:container-muxer-webm: aa71ff27fc2769a1b78a27578f13a17b -> 
  custom:video-decoder-webm-vp8: 9c59270c3fd7afecdb556c50c9e8de78 -> 
  custom:SearchIndexIgnoredProperties: e643bd26f0fe6173181afceb89e7c659 -> 
  custom:AudioImporter_EditorPlatform: d09bf68614088b80899f8185d706f6e7 -> 
  custom:audio-decoder-ogg-vorbis: bf7c407c2cedff20999df2af8eb42d56 -> 
  custom:audio-encoder-webm-vorbis: bf7c407c2cedff20999df2af8eb42d56 -> 
  custom:scripting/precompiled-assembly-types:Assembly-CSharp: 3bb1ad2dc0c5e104c09222481e8cb8d7 -> f66e664b162c0cd71454ddac9b10ec22
  custom:scripting/monoscript/fileName/InLevelCamera.cs: c0f40a544595356b1503f21b8e927f2a -> 
  custom:video-decoder-ogg-theora: a1e56fd34408186e4bbccfd4996cb3dc -> 
  custom:CustomObjectIndexerAttribute: 72b91833f83ae208fae7752999fa3104 -> 
  custom:container-demuxer-webm: 4f35f7cbe854078d1ac9338744f61a02 -> 
  custom:video-encoder-webm-vp8: eb34c28f22e8b96e1ab97ce403110664 -> 
========================================================================
Received Import Request.
  Time since last request: 28.458974 seconds.
  path: Assets/Scenes/Scripts
  artifactKey: Guid(09ee4a981c6c0fa4ab873626448fb3c5) Importer(815301076,1909f56bfc062723c751e8b465ee728b)
Start importing Assets/Scenes/Scripts using Guid(09ee4a981c6c0fa4ab873626448fb3c5) Importer(815301076,1909f56bfc062723c751e8b465ee728b) [PhysX] Initialized MultithreadedTaskDispatcher with 16 workers.
 -> (artifact id: '514d42af22c53277cb5f26fe33837a7b') in 0.004574 seconds
Number of updated asset objects reloaded before import = 0
Number of asset objects unloaded after import = 0
========================================================================
Received Prepare
Caller must complete domain reload
Begin MonoManager ReloadAssembly
- Loaded All Assemblies, in  0.563 seconds
Native extension for WindowsStandalone target not found
[Package Manager] Server::EnsureServerProcessIsRunning -- launch failed, reason: Unity was launched with the -noUpm command-line argument
[Package Manager] UpmClient::Send -- Unable to send message (not connected to UPM process).
[Package Manager] Cannot connect to Unity Package Manager local server
System.NullReferenceException: Object reference not set to an instance of an object
  at UnityEngine.XR.Interaction.Toolkit.Samples.StarterAssets.RenderPipelineValidation..cctor () [0x0000d] in C:\Users\dombrowskasrf\Desktop\RapidProject03\Repository\Attic-Racer\Assets\Samples\XR Interaction Toolkit\3.0.3\Starter Assets\Scripts\MaterialPipelineHandler.cs:16 
UnityEngine.StackTraceUtility:ExtractStackTrace ()
UnityEngine.DebugLogHandler:LogFormat (UnityEngine.LogType,UnityEngine.Object,string,object[])
UnityEngine.Logger:Log (UnityEngine.LogType,object)
UnityEngine.Debug:LogError (object)
UnityEditor.EditorAssemblies:ProcessInitializeOnLoadAttributes (System.Type[])

System.Reflection.TargetInvocationException: Exception has been thrown by the target of an invocation. ---> System.NullReferenceException: Object reference not set to an instance of an object
  at Unity.XR.Oculus.OculusLoader.AssetPathToAbsolutePath (System.String assetPath) [0x0003d] in .\Library\PackageCache\com.unity.xr.oculus@4.3.0\Runtime\OculusLoader.cs:307 
  at Unity.XR.Oculus.OculusLoader.EditorLoadOVRPlugin () [0x0008c] in .\Library\PackageCache\com.unity.xr.oculus@4.3.0\Runtime\OculusLoader.cs:292 
  at (wrapper managed-to-native) System.Reflection.RuntimeMethodInfo.InternalInvoke(System.Reflection.RuntimeMethodInfo,object,object[],System.Exception&)
  at System.Reflection.RuntimeMethodInfo.Invoke (System.Object obj, System.Reflection.BindingFlags invokeAttr, System.Reflection.Binder binder, System.Object[] parameters, System.Globalization.CultureInfo culture) [0x0006a] in <1fd52158108c4fe3a6817b50854eb75e>:0 
   --- End of inner exception stack trace ---
  at System.Reflection.RuntimeMethodInfo.Invoke (System.Object obj, System.Reflection.BindingFlags invokeAttr, System.Reflection.Binder binder, System.Object[] parameters, System.Globalization.CultureInfo culture) [0x00083] in <1fd52158108c4fe3a6817b50854eb75e>:0 
  at System.Reflection.MethodBase.Invoke (System.Object obj, System.Object[] parameters) [0x00000] in <1fd52158108c4fe3a6817b50854eb75e>:0 
  at UnityEditor.EditorAssemblies.ProcessInitializeOnLoadMethodAttributes () [0x000a5] in <863800b36fd24ebc9a9b0a985ae0ee1a>:0 
UnityEngine.StackTraceUtility:ExtractStackTrace ()
UnityEngine.DebugLogHandler:LogFormat (UnityEngine.LogType,UnityEngine.Object,string,object[])
UnityEngine.Logger:Log (UnityEngine.LogType,object)
UnityEngine.Debug:LogError (object)
UnityEditor.EditorAssemblies:ProcessInitializeOnLoadMethodAttributes ()

Mono: successfully reloaded assembly
[Package Manager] Server::EnsureServerProcessIsRunning -- launch failed, reason: Unity was launched with the -noUpm command-line argument
[Package Manager] UpmClient::Send -- Unable to send message (not connected to UPM process).
[Package Manager] Cannot connect to Unity Package Manager local server
- Finished resetting the current domain, in  1.350 seconds
Domain Reload Profiling: 1908ms
	BeginReloadAssembly (154ms)
		ExecutionOrderSort (0ms)
		DisableScriptedObjects (4ms)
		BackupInstance (0ms)
		ReleaseScriptingObjects (0ms)
		CreateAndSetChildDomain (35ms)
	RebuildCommonClasses (33ms)
	RebuildNativeTypeToScriptingClass (12ms)
	initialDomainReloadingComplete (38ms)
	LoadAllAssembliesAndSetupDomain (320ms)
		LoadAssemblies (338ms)
		RebuildTransferFunctionScriptingTraits (0ms)
		AnalyzeDomain (62ms)
			TypeCache.Refresh (12ms)
				TypeCache.ScanAssembly (1ms)
			ScanForSourceGeneratedMonoScriptInfo (35ms)
			ResolveRequiredComponents (14ms)
	FinalizeReload (1350ms)
		ReleaseScriptCaches (0ms)
		RebuildScriptCaches (0ms)
		SetupLoadedEditorAssemblies (628ms)
			LogAssemblyErrors (0ms)
			InitializePlatformSupportModulesInManaged (5ms)
			SetLoadedEditorAssemblies (3ms)
			RefreshPlugins (0ms)
			BeforeProcessingInitializeOnLoad (96ms)
			ProcessInitializeOnLoadAttributes (414ms)
			ProcessInitializeOnLoadMethodAttributes (102ms)
			AfterProcessingInitializeOnLoad (7ms)
			EditorAssembliesLoaded (0ms)
		ExecutionOrderSort2 (0ms)
		AwakeInstancesAfterBackupRestoration (10ms)
Refreshing native plugins compatible for Editor in 14.72 ms, found 12 plugins.
Preloading 1 native plugins for Editor in 0.05 ms.
Unloading 6390 Unused Serialized files (Serialized files now loaded: 0)
Unloading 90 unused Assets / (1.1 MB). Loaded Objects now: 6975.
Memory consumption went from 211.3 MB to 210.2 MB.
Total: 4.103100 ms (FindLiveObjects: 0.450800 ms CreateObjectMapping: 0.384600 ms MarkObjects: 2.865500 ms  DeleteObjects: 0.401400 ms)

Prepare: number of updated asset objects reloaded= 0
AssetImportParameters requested are different than current active one (requested -> active):
  custom:container-demuxer-ogg: 62fdf1f143b41e24485cea50d1cbac27 -> 
  custom:framework-win-MediaFoundation: 216162199b28c13a410421893ffa2e32 -> 
  custom:container-muxer-webm: aa71ff27fc2769a1b78a27578f13a17b -> 
  custom:video-decoder-webm-vp8: 9c59270c3fd7afecdb556c50c9e8de78 -> 
  custom:SearchIndexIgnoredProperties: e643bd26f0fe6173181afceb89e7c659 -> 
  custom:AudioImporter_EditorPlatform: d09bf68614088b80899f8185d706f6e7 -> 
  custom:audio-decoder-ogg-vorbis: bf7c407c2cedff20999df2af8eb42d56 -> 
  custom:audio-encoder-webm-vorbis: bf7c407c2cedff20999df2af8eb42d56 -> 
  custom:scripting/precompiled-assembly-types:Assembly-CSharp: 1231af42ddf04ccce052c65e368b903b -> f66e664b162c0cd71454ddac9b10ec22
  custom:scripting/monoscript/fileName/InLevelCamera.cs: a24a52c3d15667ae4e893dfcf2e2834a -> 
  custom:video-decoder-ogg-theora: a1e56fd34408186e4bbccfd4996cb3dc -> 
  custom:CustomObjectIndexerAttribute: 72b91833f83ae208fae7752999fa3104 -> 
  custom:container-demuxer-webm: 4f35f7cbe854078d1ac9338744f61a02 -> 
  custom:video-encoder-webm-vp8: eb34c28f22e8b96e1ab97ce403110664 -> 
========================================================================
Received Import Request.
  Time since last request: 15.509512 seconds.
  path: Assets/Scenes/Scripts/InLevelCamera.cs
  artifactKey: Guid(492b514f5f35cfa4fb0afeea39162212) Importer(815301076,1909f56bfc062723c751e8b465ee728b)
Start importing Assets/Scenes/Scripts/InLevelCamera.cs using Guid(492b514f5f35cfa4fb0afeea39162212) Importer(815301076,1909f56bfc062723c751e8b465ee728b) [PhysX] Initialized MultithreadedTaskDispatcher with 16 workers.
 -> (artifact id: '7fec6bfd5621297505b8add71b76f739') in 0.003738 seconds
Number of updated asset objects reloaded before import = 0
Number of asset objects unloaded after import = 0
========================================================================
Received Import Request.
  Time since last request: 42.253987 seconds.
  path: Assets/Scenes/Scripts/InLevelCamera.cs
  artifactKey: Guid(492b514f5f35cfa4fb0afeea39162212) Importer(815301076,1909f56bfc062723c751e8b465ee728b)
Start importing Assets/Scenes/Scripts/InLevelCamera.cs using Guid(492b514f5f35cfa4fb0afeea39162212) Importer(815301076,1909f56bfc062723c751e8b465ee728b) [PhysX] Initialized MultithreadedTaskDispatcher with 16 workers.
 -> (artifact id: 'b2c0d319ff93d62f2530406e7782d638') in 0.000493 seconds
Number of updated asset objects reloaded before import = 0
Number of asset objects unloaded after import = 0
========================================================================
Received Prepare
Caller must complete domain reload
Begin MonoManager ReloadAssembly
- Loaded All Assemblies, in  0.589 seconds
Native extension for WindowsStandalone target not found
[Package Manager] Server::EnsureServerProcessIsRunning -- launch failed, reason: Unity was launched with the -noUpm command-line argument
[Package Manager] UpmClient::Send -- Unable to send message (not connected to UPM process).
[Package Manager] Cannot connect to Unity Package Manager local server
System.NullReferenceException: Object reference not set to an instance of an object
  at UnityEngine.XR.Interaction.Toolkit.Samples.StarterAssets.RenderPipelineValidation..cctor () [0x0000d] in C:\Users\dombrowskasrf\Desktop\RapidProject03\Repository\Attic-Racer\Assets\Samples\XR Interaction Toolkit\3.0.3\Starter Assets\Scripts\MaterialPipelineHandler.cs:16 
UnityEngine.StackTraceUtility:ExtractStackTrace ()
UnityEngine.DebugLogHandler:LogFormat (UnityEngine.LogType,UnityEngine.Object,string,object[])
UnityEngine.Logger:Log (UnityEngine.LogType,object)
UnityEngine.Debug:LogError (object)
UnityEditor.EditorAssemblies:ProcessInitializeOnLoadAttributes (System.Type[])

System.Reflection.TargetInvocationException: Exception has been thrown by the target of an invocation. ---> System.NullReferenceException: Object reference not set to an instance of an object
  at Unity.XR.Oculus.OculusLoader.AssetPathToAbsolutePath (System.String assetPath) [0x0003d] in .\Library\PackageCache\com.unity.xr.oculus@4.3.0\Runtime\OculusLoader.cs:307 
  at Unity.XR.Oculus.OculusLoader.EditorLoadOVRPlugin () [0x0008c] in .\Library\PackageCache\com.unity.xr.oculus@4.3.0\Runtime\OculusLoader.cs:292 
  at (wrapper managed-to-native) System.Reflection.RuntimeMethodInfo.InternalInvoke(System.Reflection.RuntimeMethodInfo,object,object[],System.Exception&)
  at System.Reflection.RuntimeMethodInfo.Invoke (System.Object obj, System.Reflection.BindingFlags invokeAttr, System.Reflection.Binder binder, System.Object[] parameters, System.Globalization.CultureInfo culture) [0x0006a] in <1fd52158108c4fe3a6817b50854eb75e>:0 
   --- End of inner exception stack trace ---
  at System.Reflection.RuntimeMethodInfo.Invoke (System.Object obj, System.Reflection.BindingFlags invokeAttr, System.Reflection.Binder binder, System.Object[] parameters, System.Globalization.CultureInfo culture) [0x00083] in <1fd52158108c4fe3a6817b50854eb75e>:0 
  at System.Reflection.MethodBase.Invoke (System.Object obj, System.Object[] parameters) [0x00000] in <1fd52158108c4fe3a6817b50854eb75e>:0 
  at UnityEditor.EditorAssemblies.ProcessInitializeOnLoadMethodAttributes () [0x000a5] in <863800b36fd24ebc9a9b0a985ae0ee1a>:0 
UnityEngine.StackTraceUtility:ExtractStackTrace ()
UnityEngine.DebugLogHandler:LogFormat (UnityEngine.LogType,UnityEngine.Object,string,object[])
UnityEngine.Logger:Log (UnityEngine.LogType,object)
UnityEngine.Debug:LogError (object)
UnityEditor.EditorAssemblies:ProcessInitializeOnLoadMethodAttributes ()

Mono: successfully reloaded assembly
[Package Manager] Server::EnsureServerProcessIsRunning -- launch failed, reason: Unity was launched with the -noUpm command-line argument
[Package Manager] UpmClient::Send -- Unable to send message (not connected to UPM process).
[Package Manager] Cannot connect to Unity Package Manager local server
- Finished resetting the current domain, in  1.374 seconds
Domain Reload Profiling: 1958ms
	BeginReloadAssembly (166ms)
		ExecutionOrderSort (0ms)
		DisableScriptedObjects (4ms)
		BackupInstance (0ms)
		ReleaseScriptingObjects (0ms)
		CreateAndSetChildDomain (34ms)
	RebuildCommonClasses (31ms)
	RebuildNativeTypeToScriptingClass (11ms)
	initialDomainReloadingComplete (29ms)
	LoadAllAssembliesAndSetupDomain (347ms)
		LoadAssemblies (374ms)
		RebuildTransferFunctionScriptingTraits (0ms)
		AnalyzeDomain (65ms)
			TypeCache.Refresh (15ms)
				TypeCache.ScanAssembly (1ms)
			ScanForSourceGeneratedMonoScriptInfo (35ms)
			ResolveRequiredComponents (14ms)
	FinalizeReload (1374ms)
		ReleaseScriptCaches (0ms)
		RebuildScriptCaches (0ms)
		SetupLoadedEditorAssemblies (625ms)
			LogAssemblyErrors (0ms)
			InitializePlatformSupportModulesInManaged (6ms)
			SetLoadedEditorAssemblies (4ms)
			RefreshPlugins (0ms)
			BeforeProcessingInitializeOnLoad (96ms)
			ProcessInitializeOnLoadAttributes (415ms)
			ProcessInitializeOnLoadMethodAttributes (98ms)
			AfterProcessingInitializeOnLoad (7ms)
			EditorAssembliesLoaded (0ms)
		ExecutionOrderSort2 (0ms)
		AwakeInstancesAfterBackupRestoration (10ms)
Refreshing native plugins compatible for Editor in 15.95 ms, found 12 plugins.
Preloading 1 native plugins for Editor in 0.06 ms.
Unloading 6390 Unused Serialized files (Serialized files now loaded: 0)
Unloading 90 unused Assets / (1.1 MB). Loaded Objects now: 6980.
Memory consumption went from 211.3 MB to 210.2 MB.
Total: 3.986800 ms (FindLiveObjects: 0.460600 ms CreateObjectMapping: 0.464800 ms MarkObjects: 2.654200 ms  DeleteObjects: 0.406400 ms)

Prepare: number of updated asset objects reloaded= 0
AssetImportParameters requested are different than current active one (requested -> active):
  custom:container-demuxer-ogg: 62fdf1f143b41e24485cea50d1cbac27 -> 
  custom:framework-win-MediaFoundation: 216162199b28c13a410421893ffa2e32 -> 
  custom:container-muxer-webm: aa71ff27fc2769a1b78a27578f13a17b -> 
  custom:video-decoder-webm-vp8: 9c59270c3fd7afecdb556c50c9e8de78 -> 
  custom:SearchIndexIgnoredProperties: e643bd26f0fe6173181afceb89e7c659 -> 
  custom:AudioImporter_EditorPlatform: d09bf68614088b80899f8185d706f6e7 -> 
  custom:audio-decoder-ogg-vorbis: bf7c407c2cedff20999df2af8eb42d56 -> 
  custom:audio-encoder-webm-vorbis: bf7c407c2cedff20999df2af8eb42d56 -> 
  custom:scripting/precompiled-assembly-types:Assembly-CSharp: 1231af42ddf04ccce052c65e368b903b -> f66e664b162c0cd71454ddac9b10ec22
  custom:scripting/monoscript/fileName/InLevelCamera.cs: a24a52c3d15667ae4e893dfcf2e2834a -> 
  custom:video-decoder-ogg-theora: a1e56fd34408186e4bbccfd4996cb3dc -> 
  custom:CustomObjectIndexerAttribute: 72b91833f83ae208fae7752999fa3104 -> 
  custom:container-demuxer-webm: 4f35f7cbe854078d1ac9338744f61a02 -> 
  custom:video-encoder-webm-vp8: eb34c28f22e8b96e1ab97ce403110664 -> 
========================================================================
Received Prepare
Caller must complete domain reload
Begin MonoManager ReloadAssembly
- Loaded All Assemblies, in  0.632 seconds
Native extension for WindowsStandalone target not found
[Package Manager] Server::EnsureServerProcessIsRunning -- launch failed, reason: Unity was launched with the -noUpm command-line argument
[Package Manager] UpmClient::Send -- Unable to send message (not connected to UPM process).
[Package Manager] Cannot connect to Unity Package Manager local server
System.NullReferenceException: Object reference not set to an instance of an object
  at UnityEngine.XR.Interaction.Toolkit.Samples.StarterAssets.RenderPipelineValidation..cctor () [0x0000d] in C:\Users\dombrowskasrf\Desktop\RapidProject03\Repository\Attic-Racer\Assets\Samples\XR Interaction Toolkit\3.0.3\Starter Assets\Scripts\MaterialPipelineHandler.cs:16 
UnityEngine.StackTraceUtility:ExtractStackTrace ()
UnityEngine.DebugLogHandler:LogFormat (UnityEngine.LogType,UnityEngine.Object,string,object[])
UnityEngine.Logger:Log (UnityEngine.LogType,object)
UnityEngine.Debug:LogError (object)
UnityEditor.EditorAssemblies:ProcessInitializeOnLoadAttributes (System.Type[])

System.Reflection.TargetInvocationException: Exception has been thrown by the target of an invocation. ---> System.NullReferenceException: Object reference not set to an instance of an object
  at Unity.XR.Oculus.OculusLoader.AssetPathToAbsolutePath (System.String assetPath) [0x0003d] in .\Library\PackageCache\com.unity.xr.oculus@4.3.0\Runtime\OculusLoader.cs:307 
  at Unity.XR.Oculus.OculusLoader.EditorLoadOVRPlugin () [0x0008c] in .\Library\PackageCache\com.unity.xr.oculus@4.3.0\Runtime\OculusLoader.cs:292 
  at (wrapper managed-to-native) System.Reflection.RuntimeMethodInfo.InternalInvoke(System.Reflection.RuntimeMethodInfo,object,object[],System.Exception&)
  at System.Reflection.RuntimeMethodInfo.Invoke (System.Object obj, System.Reflection.BindingFlags invokeAttr, System.Reflection.Binder binder, System.Object[] parameters, System.Globalization.CultureInfo culture) [0x0006a] in <1fd52158108c4fe3a6817b50854eb75e>:0 
   --- End of inner exception stack trace ---
  at System.Reflection.RuntimeMethodInfo.Invoke (System.Object obj, System.Reflection.BindingFlags invokeAttr, System.Reflection.Binder binder, System.Object[] parameters, System.Globalization.CultureInfo culture) [0x00083] in <1fd52158108c4fe3a6817b50854eb75e>:0 
  at System.Reflection.MethodBase.Invoke (System.Object obj, System.Object[] parameters) [0x00000] in <1fd52158108c4fe3a6817b50854eb75e>:0 
  at UnityEditor.EditorAssemblies.ProcessInitializeOnLoadMethodAttributes () [0x000a5] in <863800b36fd24ebc9a9b0a985ae0ee1a>:0 
UnityEngine.StackTraceUtility:ExtractStackTrace ()
UnityEngine.DebugLogHandler:LogFormat (UnityEngine.LogType,UnityEngine.Object,string,object[])
UnityEngine.Logger:Log (UnityEngine.LogType,object)
UnityEngine.Debug:LogError (object)
UnityEditor.EditorAssemblies:ProcessInitializeOnLoadMethodAttributes ()

Mono: successfully reloaded assembly
[Package Manager] Server::EnsureServerProcessIsRunning -- launch failed, reason: Unity was launched with the -noUpm command-line argument
[Package Manager] UpmClient::Send -- Unable to send message (not connected to UPM process).
[Package Manager] Cannot connect to Unity Package Manager local server
- Finished resetting the current domain, in  1.552 seconds
Domain Reload Profiling: 2178ms
	BeginReloadAssembly (182ms)
		ExecutionOrderSort (0ms)
		DisableScriptedObjects (4ms)
		BackupInstance (0ms)
		ReleaseScriptingObjects (0ms)
		CreateAndSetChildDomain (36ms)
	RebuildCommonClasses (46ms)
	RebuildNativeTypeToScriptingClass (12ms)
	initialDomainReloadingComplete (34ms)
	LoadAllAssembliesAndSetupDomain (352ms)
		LoadAssemblies (382ms)
		RebuildTransferFunctionScriptingTraits (0ms)
		AnalyzeDomain (71ms)
			TypeCache.Refresh (17ms)
				TypeCache.ScanAssembly (5ms)
			ScanForSourceGeneratedMonoScriptInfo (34ms)
			ResolveRequiredComponents (18ms)
	FinalizeReload (1553ms)
		ReleaseScriptCaches (0ms)
		RebuildScriptCaches (0ms)
		SetupLoadedEditorAssemblies (662ms)
			LogAssemblyErrors (0ms)
			InitializePlatformSupportModulesInManaged (6ms)
			SetLoadedEditorAssemblies (3ms)
			RefreshPlugins (0ms)
			BeforeProcessingInitializeOnLoad (103ms)
			ProcessInitializeOnLoadAttributes (433ms)
			ProcessInitializeOnLoadMethodAttributes (110ms)
			AfterProcessingInitializeOnLoad (7ms)
			EditorAssembliesLoaded (0ms)
		ExecutionOrderSort2 (0ms)
		AwakeInstancesAfterBackupRestoration (12ms)
Refreshing native plugins compatible for Editor in 14.77 ms, found 12 plugins.
Preloading 1 native plugins for Editor in 0.06 ms.
Unloading 6554 Unused Serialized files (Serialized files now loaded: 0)
Unloading 92 unused Assets / (1.2 MB). Loaded Objects now: 7159.
Memory consumption went from 214.9 MB to 213.7 MB.
Total: 4.426100 ms (FindLiveObjects: 0.539800 ms CreateObjectMapping: 0.724000 ms MarkObjects: 2.701800 ms  DeleteObjects: 0.459800 ms)

Prepare: number of updated asset objects reloaded= 0
AssetImportParameters requested are different than current active one (requested -> active):
  custom:scripting/monoscript/fileName/CinemachineTrackedDollyEditor.cs: b4d6784c58752cea58aafd9a76ca4459 -> 
  custom:scripting/monoscript/fileName/CinemachineImpulseManager.cs: c34be3577a810e26fd0110c580799b88 -> 
  custom:container-demuxer-ogg: 62fdf1f143b41e24485cea50d1cbac27 -> 
  custom:scripting/monoscript/fileName/AxisState.cs: 1a494a66d8b9a58f4a6873f89bf5b094 -> 
  custom:scripting/monoscript/fileName/CinemachineClearShot.cs: 1da15f5c7903497ce3ae982ee4ee4779 -> 
  custom:scripting/monoscript/fileName/CinemachinePOVEditor.cs: 71db5a9242a182995b4ca15db516f628 -> 
  custom:scripting/monoscript/fileName/CinemachineLensPresets.cs: 014747fb0ab87178c677520d0bf20bf7 -> 
  custom:scripting/monoscript/fileName/CinemachineTagFieldPropertyDrawer.cs: e78491a12decd558a49d01cc583bfcfb -> 
  custom:framework-win-MediaFoundation: 216162199b28c13a410421893ffa2e32 -> 
  custom:scripting/monoscript/fileName/CinemachineVolumeSettings.cs: 48d7865a989ec634d93ae8dcee459cea -> 
  custom:scripting/monoscript/fileName/CinemachineTargetGroupEditor.cs: f70ac85df8c1c9bd0b83a35534bafd1f -> 
  custom:scripting/monoscript/fileName/CinemachineRecomposer.cs: 07354cca81f7d0775b027b5906330569 -> 
  custom:scripting/monoscript/fileName/TargetPositionCache.cs: 49ce97e6930a536b43825141e0c2d3a4 -> 
  custom:scripting/monoscript/fileName/CinemachineExternalCamera.cs: d76122377115c288d881064c3f07a3f1 -> 
  custom:scripting/monoscript/fileName/Predictor.cs: d51584936cb5b31b30ee7b444e03385b -> 
  custom:scripting/monoscript/fileName/CinemachineScreenComposerGuides.cs: cdc7ea02ccc4c8d1561d98d16760d1ca -> 
  custom:scripting/monoscript/fileName/CinemachineVirtualCameraEditor.cs: 2e051d0c474634e907fe4123d6e2656e -> 
  custom:scripting/monoscript/fileName/CinemachineSettings.cs: 197f6d5ad32e253546b5afa056a5bba4 -> 
  custom:scripting/monoscript/fileName/CinemachineTriggerAction.cs: cab9c5d02c28af05797c2c3743539bdb -> 
  custom:scripting/monoscript/fileName/InspectorUtility.cs: d2444697ecf5f370ee1ff9969e9d66f8 -> 1cf92e4af45cb9e9886ec49564b001a9
  custom:scripting/precompiled-assembly-types:Cinemachine: 8d575da37eed053df74794f59481e021 -> 
  custom:scripting/monoscript/fileName/EmbeddedAssetPropertyDrawer.cs: fd7ebc18093de04c88d0cfc86fb060f5 -> 
  custom:scripting/monoscript/fileName/ConfinerOven.cs: ff23c03e90b61beb34474fc6e4ff668c -> 
  custom:scripting/monoscript/fileName/VcamStageEditor.cs: 84b0eaf932b448975a99972628e556d8 -> 
  custom:scripting/monoscript/fileName/OrbitalTransposerHeadingPropertyDrawer.cs: 22496b76ce84f35f630c90badc4babd8 -> 
  custom:scripting/monoscript/fileName/CinemachineCollider.cs: 8fa92f525b1c31cd81812685d7f8c288 -> 
  custom:scripting/monoscript/fileName/CinemachineInputProvider.cs: ecb845de690695f08b3b3bb647cc7006 -> 
  custom:scripting/monoscript/fileName/CinemachineColliderEditor.cs: 859d1abbd669ee84cb713f6d4d0e1c5f -> 
  custom:scripting/monoscript/fileName/CinemachineExtension.cs: 6968db4afcdc301f6acb1ef4fbadb2f4 -> 
  custom:scripting/monoscript/fileName/CinemachineComponentBase.cs: 5293f153c13e9bd2fc262ec31ff69206 -> 
  custom:scripting/monoscript/fileName/BaseEditor.cs: 90647cc400823b41df847a6cbfc29026 -> 
  custom:container-muxer-webm: aa71ff27fc2769a1b78a27578f13a17b -> 
  custom:video-decoder-webm-vp8: 9c59270c3fd7afecdb556c50c9e8de78 -> 
  custom:scripting/monoscript/fileName/CinemachineHardLookAt.cs: 792580aec23d39bcecd7ceea4c27a0ce -> 
  custom:scripting/monoscript/fileName/CinemachineInputAxisDriver.cs: 7e424e54660fed310c58dc98ea41042e -> 
  custom:scripting/monoscript/fileName/CinemachineStoryboardEditor.cs: 2e7ec8bfb72013eaaff4873a27da019c -> 
  custom:scripting/monoscript/fileName/CinemachineVolumeSettingsEditor.cs: 7c8fb727adcc2db0614f3f0f2f35cb54 -> 
  custom:SearchIndexIgnoredProperties: e643bd26f0fe6173181afceb89e7c659 -> 
  custom:AudioImporter_EditorPlatform: d09bf68614088b80899f8185d706f6e7 -> 
  custom:scripting/monoscript/fileName/CinemachineMixingCamera.cs: 739c5ceb76c01023f431794ec46a0177 -> 
  custom:scripting/monoscript/fileName/CinemachinePath.cs: b443d3c8837a65ddc3c78741cd58ec71 -> 
  custom:scripting/monoscript/fileName/CinemachineStoryboard.cs: 59a2099f76be9b47af1e12ed7d40f553 -> 
  custom:scripting/monoscript/fileName/CinemachineTrackedDolly.cs: f6a9c21b27ad86d45f62f6b444ccbb49 -> 
  custom:scripting/monoscript/fileName/CinemachineHardLookAtEditor.cs: 15b8f2af6a6d786898ce5dd6b0db26dc -> 
  custom:scripting/monoscript/fileName/CinemachineComposer.cs: e399dfd36807c341da7cd182ce299d1e -> 
  custom:scripting/monoscript/fileName/CinemachineTrack.cs: 4b50d47d507c57dc81b82253ec075194 -> 
  custom:scripting/monoscript/fileName/CinemachineOrbitalTransposer.cs: 71c52878ba6d43827473a480056a99da -> 
  custom:scripting/monoscript/fileName/CinemachineImpulseSource.cs: ac073b8453e26c5dd422d5f1a90a7ff2 -> 
  custom:scripting/monoscript/fileName/CinemachineImpulseEnvelopePropertyDrawer.cs: 07e00c9c84964a5c7e4f3f19e4263ec1 -> 
  custom:scripting/monoscript/fileName/CinemachineSameAsFollowTargetEditor.cs: 6def40fc1e39b3242347b6630fb5127e -> 
  custom:scripting/monoscript/fileName/CinemachineBlendListCameraEditor.cs: dbc12d2a9f3e2999a067290c411b2aca -> 
  custom:scripting/monoscript/fileName/UnityVectorExtensions.cs: 052777772edecdffe26d41a6a989641e -> 
  custom:scripting/monoscript/fileName/CinemachineImpulseChannels.cs: a9a39cc5ecea1f083db0fce154eec19c -> 
  custom:scripting/monoscript/fileName/LensSettings.cs: 4335e899502c57ee4480b8c9aa915366 -> 
  custom:scripting/monoscript/fileName/CinemachineImpulseListener.cs: 6aac146243d38e7a67346170caa40ea1 -> 
  custom:scripting/monoscript/fileName/CinemachineMenu.cs: 7b932811d9fa1e44d0d8b2b9ed75adf3 -> 
  custom:scripting/monoscript/fileName/RuntimeUtility.cs: 8c92a9f673836e5d2084dbeb0f10159f -> 
  custom:audio-decoder-ogg-vorbis: bf7c407c2cedff20999df2af8eb42d56 -> 
  custom:scripting/monoscript/fileName/CinemachineGroupComposer.cs: 173a689a80ef321c302f9c045419668f -> 
  custom:scripting/monoscript/fileName/CinemachineShotClipEditor.cs: 123a48531bf1d1b4f3c8398556caec62 -> 
  custom:scripting/monoscript/fileName/CinemachineBlend.cs: f33659d50c4d86144d649aa7e8196529 -> 
  custom:scripting/monoscript/fileName/clipper.cs: 2a50e35a835148907b3c1fa8e187ab2b -> 
  custom:scripting/monoscript/fileName/GaussianFilter.cs: 0a3672ebe80edf7c5daca82445c15683 -> 
  custom:scripting/monoscript/fileName/CinemachineCollisionImpulseSource.cs: 9aae5e368cb7786be199f98f2122f96d -> 
  custom:scripting/monoscript/fileName/CinemachineClearShotEditor.cs: ca8875b47e775cd361c78158d7923690 -> 
  custom:scripting/monoscript/fileName/NoiseSettingsPropertyDrawer.cs: 8d3f69ba7eeec63914970bd3136b6ace -> 
  custom:scripting/monoscript/fileName/CinemachineShotEditor.cs: 2ba28b209a4ad7f0a791994d2360a9af -> 
  custom:scripting/monoscript/fileName/CinemachineHardLockToTargetEditor.cs: c65eaafd47115974a2a9379aae467b0e -> 
  custom:audio-encoder-webm-vorbis: bf7c407c2cedff20999df2af8eb42d56 -> 
  custom:scripting/monoscript/fileName/CinemachineMixingCameraEditor.cs: 1c122a21d710512fec62cdc7bd351681 -> 
  custom:scripting/monoscript/fileName/CinemachinePostProcessing.cs: bf9b100a1b61fd5383288bc96487c194 -> 
  custom:scripting/monoscript/fileName/CinemachineVirtualCameraBaseEditor.cs: 13ee4931cd85df4b22852d0547b5e690 -> 
  custom:scripting/monoscript/fileName/Cinemachine3rdPersonFollow.cs: 4600bac2bdf6b37d80e86f9aa5a413c3 -> 
  custom:scripting/precompiled-assembly-types:Assembly-CSharp: 1231af42ddf04ccce052c65e368b903b -> f66e664b162c0cd71454ddac9b10ec22
  custom:scripting/monoscript/fileName/InLevelCamera.cs: a24a52c3d15667ae4e893dfcf2e2834a -> 
  custom:scripting/monoscript/fileName/CinemachineGroupComposerEditor.cs: 54a07f36704e77a685a5e7e8c8b2c216 -> 
  custom:scripting/monoscript/fileName/CinemachineConfinerEditor.cs: cc6c898a3390647ab91613c8a96de4b4 -> 
  custom:scripting/monoscript/fileName/CinemachineBlendDefinitionPropertyDrawer.cs: 7ae344d19d646b738f3c65294becf216 -> 
  custom:scripting/monoscript/fileName/CinemachineSmoothPath.cs: c28db2688f35d70587b5f943431a010a -> 
  custom:scripting/monoscript/fileName/CinemachineStateDrivenCamera.cs: aea2468a7384be4ba6d1b043ccec135d -> 
  custom:scripting/monoscript/fileName/CinemachineBlenderSettings.cs: 9adcb80668a56be4cd8e31c1d3dc60ae -> 
  custom:scripting/monoscript/fileName/SignalSourceAsset.cs: f7ffd463dece56bad278f5a8d3ed7fc6 -> 
  custom:scripting/monoscript/fileName/CinemachineCore.cs: fe6c3be993819098833de1628bfd76b2 -> 
  custom:scripting/monoscript/fileName/CinemachineImpulseChannelPropertyDrawer.cs: 4b6390a17916751618e2a45cb8d47a80 -> 
  custom:scripting/monoscript/fileName/SerializedPropertyHelper.cs: b04ac165255e34bc2935ca9bf180e209 -> 
  custom:scripting/monoscript/fileName/CinemachineFramingTransposer.cs: 7943c9d436748359882d8f978cf86c91 -> 
  custom:scripting/monoscript/fileName/CinemachineMixer.cs: 2e36eb9e732dd7c8a32e8f83daebd6f4 -> 
  custom:scripting/monoscript/fileName/CinemachineConfiner.cs: 3813336c17662a5cb6b59ce5f1954254 -> 
  custom:scripting/monoscript/fileName/CinemachineBrain.cs: 365b4e0b6319f064062e97b8f8e32c8e -> 
  custom:scripting/monoscript/fileName/CinemachineImpulseDefinitionPropertyDrawer.cs: 1b2fc77b0a80a7e0e9045e0d44fb761c -> 
  custom:scripting/monoscript/fileName/CinemachineColliderPrefs.cs: 47106451d4685409820905badf49b71f -> 
  custom:scripting/monoscript/fileName/CinemachineFollowZoom.cs: eb74e2e98d3dc4647324e113f34710ca -> 
  custom:scripting/monoscript/fileName/CinemachineDebug.cs: 3077ed3b64725184c652d4c07ac732fd -> 
  custom:video-decoder-ogg-theora: a1e56fd34408186e4bbccfd4996cb3dc -> 
  custom:scripting/monoscript/fileName/CinemachineCameraOffset.cs: a6887f67d3eb83cc6393b822d4e65121 -> 
  custom:scripting/monoscript/fileName/ICinemachineCamera.cs: 2faad4f04eaf5d98c2870adbfb06184e -> 
  custom:scripting/monoscript/fileName/CinemachineShotPlayable.cs: e346ad1ecb4af45da55274cb9abd9ec0 -> 
  custom:scripting/monoscript/fileName/CinemachineImpulseSourceEditor.cs: 0ef7804c69c18838aa65e6d5bae5b055 -> 
  custom:scripting/monoscript/fileName/CinemachineExternalCameraEditor.cs: d74df442250b898c9b40669a19100e9d -> 
  custom:scripting/monoscript/fileName/CinemachineTransposer.cs: aa226dd144b3a977b86ea888b85df5fa -> 
  custom:scripting/monoscript/fileName/ReflectionHelpers.cs: 60a5d38af3e775d0a421a7ff630d61cc -> 
  custom:scripting/monoscript/fileName/CinemachineVirtualCamera.cs: f16f2dc5bc1261579875c19605c45301 -> 
  custom:scripting/monoscript/fileName/CinemachineOrbitalTransposerEditor.cs: 5ea2e4bec7ee6c24917bd86647f4bffa -> 
  custom:scripting/monoscript/fileName/CinemachineConfiner2DEditor.cs: 3f4b3d9b17ff5cd560135aa24f822994 -> 
  custom:scripting/monoscript/fileName/GroupWeightManipulator.cs: 588749cf3436a8199e762a8e09bc8de7 -> 
  custom:scripting/monoscript/fileName/AxisStatePropertyDrawer.cs: 2d807695a513641e771c78e6c342ff04 -> 
  custom:scripting/monoscript/fileName/CinemachinePropertyAttribute.cs: e8158d9725ac3a9129a08e46a4ff7519 -> 
  custom:scripting/monoscript/fileName/CinemachineNoiseSettingsEditor.cs: 9056e69d9c759ba2504535054fff31c9 -> 
  custom:CustomObjectIndexerAttribute: 72b91833f83ae208fae7752999fa3104 -> 
  custom:scripting/monoscript/fileName/CinemachineBlenderSettingsEditor.cs: c57aa7de12bc3e7367ca091f4902c67b -> 
  custom:scripting/monoscript/fileName/CinemachineImpulseDefinition.cs: 3d434086a2bdaf715abf85e79e9f14b4 -> 
  custom:scripting/precompiled-assembly-types:com.unity.cinemachine.editor: 1f055bd45c76785b23209ab6ee180f29 -> 
  custom:scripting/monoscript/fileName/Cinemachine3rdPersonFollowEditor.cs: f79aa162534f81c680877e6274b5d6ec -> 
  custom:container-demuxer-webm: 4f35f7cbe854078d1ac9338744f61a02 -> 
  custom:scripting/monoscript/fileName/WaveformWindow.cs: 01bbc4fc017d41a2bab7fb57c988e8da -> 
  custom:scripting/monoscript/fileName/CinemachinePipeline.cs: 6ca7a5979a0a73ea1d450a8fc9b437ef -> 
  custom:scripting/monoscript/fileName/CinemachineFramingTransposerEditor.cs: 1653e1c00b2ca68b1d40f01e5bfb8445 -> 
  custom:scripting/monoscript/fileName/CinemachineStateDrivenCameraEditor.cs: 77d9f0a97385f936d9b4ffaa686bce39 -> 
  custom:scripting/monoscript/fileName/CinemachinePathEditor.cs: ce10985fbf0e018e2dea63fedae131ba -> 
  custom:scripting/monoscript/fileName/CinemachineCollisionImpulseSourceEditor.cs: 29f9a522ec6b23375849ba08fd597c8d -> 
  custom:scripting/monoscript/fileName/CinemachineTargetGroup.cs: 10a09aa736b3a25da6dd9fc3c4dd9d36 -> 
  custom:scripting/monoscript/fileName/EmbeddedAssetHelpers.cs: 90647cc400823b41df847a6cbfc29026 -> 
  custom:scripting/monoscript/fileName/CinemachineBlendListCamera.cs: 66104ac24fef171d9f5d5b93a8cb2f83 -> 
  custom:scripting/monoscript/fileName/CinemachineBasicMultiChannelPerlin.cs: bd5416e75860cd63657371207eb79058 -> 
  custom:scripting/monoscript/fileName/CinemachineImpulseListenerEditor.cs: d5d28e418f87c111bce1c1b98f1f70ba -> 
  custom:scripting/monoscript/fileName/CinemachineDollyCart.cs: bbe9d07f4a2f7ee5ab002e66cb05f922 -> 
  custom:scripting/monoscript/fileName/CinemachinePixelPerfect.cs: 2f42bea4517739481ed2553d1616050e -> 
  custom:scripting/monoscript/fileName/CinemachineSmoothPathEditor.cs: 7555bcba4eb760e012dd21c6730ae562 -> 
  custom:scripting/monoscript/fileName/ScriptableObjectUtility.cs: c529d074f6f57a07e3f410d488963bbc -> 
  custom:scripting/monoscript/fileName/CinemachinePathBase.cs: debb99764287c54cae06313e2d6a1fe1 -> 
  custom:scripting/monoscript/fileName/SplineHelpers.cs: 9e5bf4293b3828088291b7871e233a27 -> 
  custom:scripting/monoscript/fileName/CinemachineShot.cs: 3d4d9d05534db20e82d871d98ea52716 -> 
  custom:scripting/monoscript/fileName/CinemachineBasicMultiChannelPerlinEditor.cs: d6749cd6c482efa27bdd41f60394f1b9 -> 
  custom:scripting/monoscript/fileName/CinemachineHardLockToTarget.cs: d349308c5b4f600a345055c394206f52 -> 
  custom:scripting/monoscript/fileName/CinemachineConfiner2D.cs: beb10be0db8ff9d3a94bd0a150963b9b -> 
  custom:scripting/monoscript/fileName/Cinemachine3rdPersonAim.cs: 4bd230d915f070bb3cae23bef6f7ab70 -> 
  custom:video-encoder-webm-vp8: eb34c28f22e8b96e1ab97ce403110664 -> 
  custom:scripting/monoscript/fileName/CinemachineFreeLook.cs: bebc32b18bc4beddc113bad68624e557 -> 
  custom:scripting/monoscript/fileName/CinemachineVirtualCameraBase.cs: c7e60cccdcb14ee2a33da9fd46c1c54f -> 
  custom:scripting/monoscript/fileName/CinemachineFixedSignal.cs: aedcdca7a861da6e456e0ae105b24c41 -> 
  custom:scripting/monoscript/fileName/CinemachineTouchInputMapper.cs: b9698729a07a7d31c864247e0582b566 -> 
  custom:scripting/monoscript/fileName/CinemachinePOV.cs: e4df06d1994174afa286b103eb06ee7f -> 
  custom:scripting/monoscript/fileName/CinemachineFreeLookEditor.cs: 9641291977c1891a004ac4c4c259e1c8 -> 
  custom:scripting/monoscript/fileName/CinemachineTransposerEditor.cs: 85841a774ddea4fb7232a7a585f716b4 -> 
  custom:scripting/monoscript/fileName/NoiseSettings.cs: 443d576e0c72ab62870476103c9384ec -> 
  custom:scripting/monoscript/fileName/CinemachineSceneTools.cs: d63880a6073ab3335301b115db235b5b -> 
  custom:scripting/monoscript/fileName/CinemachineTriggerActionEditor.cs: 2309a2ec6192ace4cae8bab5a535978e -> 
  custom:scripting/monoscript/fileName/VcamTargetPropertyDrawer.cs: 9208050b1312b118a226fef2d63e8fa1 -> 
  custom:scripting/monoscript/fileName/CinemachineEditorAnalytics.cs: de76cc292d7ecedcf47af6616498c9f9 -> 
  custom:scripting/monoscript/fileName/CinemachineBrainEditor.cs: 49621d8b7679c0b5d128fef53d55becd -> 
  custom:scripting/monoscript/fileName/CameraState.cs: 3ec03858e4f5bd5578e14e2ade4f1591 -> 784b031cde26e82771e0f45b6a811817
  custom:scripting/monoscript/fileName/CinemachineToolbarOverlay.cs: 371b6fc494252d6fda34e207e170cb66 -> 
  custom:scripting/monoscript/fileName/CinemachineIndependentImpulseListener.cs: 91ae8748b9c36955c333e57505ff90fb -> 
  custom:scripting/monoscript/fileName/CinemachineSameAsFollowTarget.cs: bcfa2d394e1e5460b4ef3dc039214a16 -> 
  custom:scripting/monoscript/fileName/UpdateTracker.cs: 3dac8a24a32a32e4bbfeb38ed26ef250 -> 
  custom:scripting/monoscript/fileName/CinemachineComposerEditor.cs: dda533b9c6cb2b366292f584704bd904 -> 
  custom:scripting/monoscript/fileName/SaveDuringPlay.cs: de39f1962b337699845d3d8a2e8f5bde -> 
========================================================================
Received Prepare
Caller must complete domain reload
Begin MonoManager ReloadAssembly
- Loaded All Assemblies, in  0.588 seconds
Native extension for WindowsStandalone target not found
[Package Manager] Server::EnsureServerProcessIsRunning -- launch failed, reason: Unity was launched with the -noUpm command-line argument
[Package Manager] UpmClient::Send -- Unable to send message (not connected to UPM process).
[Package Manager] Cannot connect to Unity Package Manager local server
System.NullReferenceException: Object reference not set to an instance of an object
  at UnityEngine.XR.Interaction.Toolkit.Samples.StarterAssets.RenderPipelineValidation..cctor () [0x0000d] in C:\Users\dombrowskasrf\Desktop\RapidProject03\Repository\Attic-Racer\Assets\Samples\XR Interaction Toolkit\3.0.3\Starter Assets\Scripts\MaterialPipelineHandler.cs:16 
UnityEngine.StackTraceUtility:ExtractStackTrace ()
UnityEngine.DebugLogHandler:LogFormat (UnityEngine.LogType,UnityEngine.Object,string,object[])
UnityEngine.Logger:Log (UnityEngine.LogType,object)
UnityEngine.Debug:LogError (object)
UnityEditor.EditorAssemblies:ProcessInitializeOnLoadAttributes (System.Type[])

System.Reflection.TargetInvocationException: Exception has been thrown by the target of an invocation. ---> System.NullReferenceException: Object reference not set to an instance of an object
  at Unity.XR.Oculus.OculusLoader.AssetPathToAbsolutePath (System.String assetPath) [0x0003d] in .\Library\PackageCache\com.unity.xr.oculus@4.3.0\Runtime\OculusLoader.cs:307 
  at Unity.XR.Oculus.OculusLoader.EditorLoadOVRPlugin () [0x0008c] in .\Library\PackageCache\com.unity.xr.oculus@4.3.0\Runtime\OculusLoader.cs:292 
  at (wrapper managed-to-native) System.Reflection.RuntimeMethodInfo.InternalInvoke(System.Reflection.RuntimeMethodInfo,object,object[],System.Exception&)
  at System.Reflection.RuntimeMethodInfo.Invoke (System.Object obj, System.Reflection.BindingFlags invokeAttr, System.Reflection.Binder binder, System.Object[] parameters, System.Globalization.CultureInfo culture) [0x0006a] in <1fd52158108c4fe3a6817b50854eb75e>:0 
   --- End of inner exception stack trace ---
  at System.Reflection.RuntimeMethodInfo.Invoke (System.Object obj, System.Reflection.BindingFlags invokeAttr, System.Reflection.Binder binder, System.Object[] parameters, System.Globalization.CultureInfo culture) [0x00083] in <1fd52158108c4fe3a6817b50854eb75e>:0 
  at System.Reflection.MethodBase.Invoke (System.Object obj, System.Object[] parameters) [0x00000] in <1fd52158108c4fe3a6817b50854eb75e>:0 
  at UnityEditor.EditorAssemblies.ProcessInitializeOnLoadMethodAttributes () [0x000a5] in <863800b36fd24ebc9a9b0a985ae0ee1a>:0 
UnityEngine.StackTraceUtility:ExtractStackTrace ()
UnityEngine.DebugLogHandler:LogFormat (UnityEngine.LogType,UnityEngine.Object,string,object[])
UnityEngine.Logger:Log (UnityEngine.LogType,object)
UnityEngine.Debug:LogError (object)
UnityEditor.EditorAssemblies:ProcessInitializeOnLoadMethodAttributes ()

Mono: successfully reloaded assembly
[Package Manager] Server::EnsureServerProcessIsRunning -- launch failed, reason: Unity was launched with the -noUpm command-line argument
[Package Manager] UpmClient::Send -- Unable to send message (not connected to UPM process).
[Package Manager] Cannot connect to Unity Package Manager local server
- Finished resetting the current domain, in  1.477 seconds
Domain Reload Profiling: 2060ms
	BeginReloadAssembly (161ms)
		ExecutionOrderSort (0ms)
		DisableScriptedObjects (4ms)
		BackupInstance (0ms)
		ReleaseScriptingObjects (0ms)
		CreateAndSetChildDomain (37ms)
	RebuildCommonClasses (33ms)
	RebuildNativeTypeToScriptingClass (12ms)
	initialDomainReloadingComplete (31ms)
	LoadAllAssembliesAndSetupDomain (346ms)
		LoadAssemblies (351ms)
		RebuildTransferFunctionScriptingTraits (0ms)
		AnalyzeDomain (77ms)
			TypeCache.Refresh (16ms)
				TypeCache.ScanAssembly (1ms)
			ScanForSourceGeneratedMonoScriptInfo (41ms)
			ResolveRequiredComponents (18ms)
	FinalizeReload (1477ms)
		ReleaseScriptCaches (0ms)
		RebuildScriptCaches (0ms)
		SetupLoadedEditorAssemblies (680ms)
			LogAssemblyErrors (0ms)
			InitializePlatformSupportModulesInManaged (6ms)
			SetLoadedEditorAssemblies (4ms)
			RefreshPlugins (0ms)
			BeforeProcessingInitializeOnLoad (104ms)
			ProcessInitializeOnLoadAttributes (459ms)
			ProcessInitializeOnLoadMethodAttributes (99ms)
			AfterProcessingInitializeOnLoad (7ms)
			EditorAssembliesLoaded (0ms)
		ExecutionOrderSort2 (0ms)
		AwakeInstancesAfterBackupRestoration (10ms)
Refreshing native plugins compatible for Editor in 16.00 ms, found 12 plugins.
Preloading 1 native plugins for Editor in 0.06 ms.
Unloading 6553 Unused Serialized files (Serialized files now loaded: 0)
Unloading 93 unused Assets / (1.2 MB). Loaded Objects now: 7175.
Memory consumption went from 214.9 MB to 213.7 MB.
Total: 4.230200 ms (FindLiveObjects: 0.476200 ms CreateObjectMapping: 0.466200 ms MarkObjects: 2.835200 ms  DeleteObjects: 0.451600 ms)

Prepare: number of updated asset objects reloaded= 0
AssetImportParameters requested are different than current active one (requested -> active):
  custom:scripting/monoscript/fileName/CinemachineTrackedDollyEditor.cs: b4d6784c58752cea58aafd9a76ca4459 -> 
  custom:scripting/monoscript/fileName/CinemachineImpulseManager.cs: c34be3577a810e26fd0110c580799b88 -> 
  custom:container-demuxer-ogg: 62fdf1f143b41e24485cea50d1cbac27 -> 
  custom:scripting/monoscript/fileName/AxisState.cs: 1a494a66d8b9a58f4a6873f89bf5b094 -> 
  custom:scripting/monoscript/fileName/CinemachineClearShot.cs: 1da15f5c7903497ce3ae982ee4ee4779 -> 
  custom:scripting/monoscript/fileName/CinemachinePOVEditor.cs: 71db5a9242a182995b4ca15db516f628 -> 
  custom:scripting/monoscript/fileName/CinemachineLensPresets.cs: 014747fb0ab87178c677520d0bf20bf7 -> 
  custom:scripting/monoscript/fileName/CinemachineTagFieldPropertyDrawer.cs: e78491a12decd558a49d01cc583bfcfb -> 
  custom:framework-win-MediaFoundation: 216162199b28c13a410421893ffa2e32 -> 
  custom:scripting/monoscript/fileName/CinemachineVolumeSettings.cs: 48d7865a989ec634d93ae8dcee459cea -> 
  custom:scripting/monoscript/fileName/CinemachineTargetGroupEditor.cs: f70ac85df8c1c9bd0b83a35534bafd1f -> 
  custom:scripting/monoscript/fileName/CinemachineRecomposer.cs: 07354cca81f7d0775b027b5906330569 -> 
  custom:scripting/monoscript/fileName/TargetPositionCache.cs: 49ce97e6930a536b43825141e0c2d3a4 -> 
  custom:scripting/monoscript/fileName/CinemachineExternalCamera.cs: d76122377115c288d881064c3f07a3f1 -> 
  custom:scripting/monoscript/fileName/Predictor.cs: d51584936cb5b31b30ee7b444e03385b -> 
  custom:scripting/monoscript/fileName/CinemachineScreenComposerGuides.cs: cdc7ea02ccc4c8d1561d98d16760d1ca -> 
  custom:scripting/monoscript/fileName/CinemachineVirtualCameraEditor.cs: 2e051d0c474634e907fe4123d6e2656e -> 
  custom:scripting/monoscript/fileName/CinemachineSettings.cs: 197f6d5ad32e253546b5afa056a5bba4 -> 
  custom:scripting/monoscript/fileName/CinemachineTriggerAction.cs: cab9c5d02c28af05797c2c3743539bdb -> 
  custom:scripting/monoscript/fileName/InspectorUtility.cs: d2444697ecf5f370ee1ff9969e9d66f8 -> 1cf92e4af45cb9e9886ec49564b001a9
  custom:scripting/precompiled-assembly-types:Cinemachine: 8d575da37eed053df74794f59481e021 -> 
  custom:scripting/monoscript/fileName/EmbeddedAssetPropertyDrawer.cs: fd7ebc18093de04c88d0cfc86fb060f5 -> 
  custom:scripting/monoscript/fileName/ConfinerOven.cs: ff23c03e90b61beb34474fc6e4ff668c -> 
  custom:scripting/monoscript/fileName/VcamStageEditor.cs: 84b0eaf932b448975a99972628e556d8 -> 
  custom:scripting/monoscript/fileName/OrbitalTransposerHeadingPropertyDrawer.cs: 22496b76ce84f35f630c90badc4babd8 -> 
  custom:scripting/monoscript/fileName/CinemachineCollider.cs: 8fa92f525b1c31cd81812685d7f8c288 -> 
  custom:scripting/monoscript/fileName/CinemachineInputProvider.cs: ecb845de690695f08b3b3bb647cc7006 -> 
  custom:scripting/monoscript/fileName/CinemachineColliderEditor.cs: 859d1abbd669ee84cb713f6d4d0e1c5f -> 
  custom:scripting/monoscript/fileName/CinemachineExtension.cs: 6968db4afcdc301f6acb1ef4fbadb2f4 -> 
  custom:scripting/monoscript/fileName/CinemachineComponentBase.cs: 5293f153c13e9bd2fc262ec31ff69206 -> 
  custom:scripting/monoscript/fileName/BaseEditor.cs: 90647cc400823b41df847a6cbfc29026 -> 
  custom:container-muxer-webm: aa71ff27fc2769a1b78a27578f13a17b -> 
  custom:video-decoder-webm-vp8: 9c59270c3fd7afecdb556c50c9e8de78 -> 
  custom:scripting/monoscript/fileName/CinemachineHardLookAt.cs: 792580aec23d39bcecd7ceea4c27a0ce -> 
  custom:scripting/monoscript/fileName/CinemachineInputAxisDriver.cs: 7e424e54660fed310c58dc98ea41042e -> 
  custom:scripting/monoscript/fileName/CinemachineStoryboardEditor.cs: 2e7ec8bfb72013eaaff4873a27da019c -> 
  custom:scripting/monoscript/fileName/CinemachineVolumeSettingsEditor.cs: 7c8fb727adcc2db0614f3f0f2f35cb54 -> 
  custom:SearchIndexIgnoredProperties: e643bd26f0fe6173181afceb89e7c659 -> 
  custom:AudioImporter_EditorPlatform: d09bf68614088b80899f8185d706f6e7 -> 
  custom:scripting/monoscript/fileName/CinemachineMixingCamera.cs: 739c5ceb76c01023f431794ec46a0177 -> 
  custom:scripting/monoscript/fileName/CinemachinePath.cs: b443d3c8837a65ddc3c78741cd58ec71 -> 
  custom:scripting/monoscript/fileName/CinemachineStoryboard.cs: 59a2099f76be9b47af1e12ed7d40f553 -> 
  custom:scripting/monoscript/fileName/CinemachineTrackedDolly.cs: f6a9c21b27ad86d45f62f6b444ccbb49 -> 
  custom:scripting/monoscript/fileName/CinemachineHardLookAtEditor.cs: 15b8f2af6a6d786898ce5dd6b0db26dc -> 
  custom:scripting/monoscript/fileName/CinemachineComposer.cs: e399dfd36807c341da7cd182ce299d1e -> 
  custom:scripting/monoscript/fileName/CinemachineTrack.cs: 4b50d47d507c57dc81b82253ec075194 -> 
  custom:scripting/monoscript/fileName/CinemachineOrbitalTransposer.cs: 71c52878ba6d43827473a480056a99da -> 
  custom:scripting/monoscript/fileName/CinemachineImpulseSource.cs: ac073b8453e26c5dd422d5f1a90a7ff2 -> 
  custom:scripting/monoscript/fileName/CinemachineImpulseEnvelopePropertyDrawer.cs: 07e00c9c84964a5c7e4f3f19e4263ec1 -> 
  custom:scripting/monoscript/fileName/CinemachineSameAsFollowTargetEditor.cs: 6def40fc1e39b3242347b6630fb5127e -> 
  custom:scripting/monoscript/fileName/CinemachineBlendListCameraEditor.cs: dbc12d2a9f3e2999a067290c411b2aca -> 
  custom:scripting/monoscript/fileName/UnityVectorExtensions.cs: 052777772edecdffe26d41a6a989641e -> 
  custom:scripting/monoscript/fileName/CinemachineImpulseChannels.cs: a9a39cc5ecea1f083db0fce154eec19c -> 
  custom:scripting/monoscript/fileName/LensSettings.cs: 4335e899502c57ee4480b8c9aa915366 -> 
  custom:scripting/monoscript/fileName/CinemachineImpulseListener.cs: 6aac146243d38e7a67346170caa40ea1 -> 
  custom:scripting/monoscript/fileName/CinemachineMenu.cs: 7b932811d9fa1e44d0d8b2b9ed75adf3 -> 
  custom:scripting/monoscript/fileName/RuntimeUtility.cs: 8c92a9f673836e5d2084dbeb0f10159f -> 
  custom:audio-decoder-ogg-vorbis: bf7c407c2cedff20999df2af8eb42d56 -> 
  custom:scripting/monoscript/fileName/CinemachineGroupComposer.cs: 173a689a80ef321c302f9c045419668f -> 
  custom:scripting/monoscript/fileName/CinemachineShotClipEditor.cs: 123a48531bf1d1b4f3c8398556caec62 -> 
  custom:scripting/monoscript/fileName/CinemachineBlend.cs: f33659d50c4d86144d649aa7e8196529 -> 
  custom:scripting/monoscript/fileName/clipper.cs: 2a50e35a835148907b3c1fa8e187ab2b -> 
  custom:scripting/monoscript/fileName/GaussianFilter.cs: 0a3672ebe80edf7c5daca82445c15683 -> 
  custom:scripting/monoscript/fileName/CinemachineCollisionImpulseSource.cs: 9aae5e368cb7786be199f98f2122f96d -> 
  custom:scripting/monoscript/fileName/CinemachineClearShotEditor.cs: ca8875b47e775cd361c78158d7923690 -> 
  custom:scripting/monoscript/fileName/NoiseSettingsPropertyDrawer.cs: 8d3f69ba7eeec63914970bd3136b6ace -> 
  custom:scripting/monoscript/fileName/CinemachineShotEditor.cs: 2ba28b209a4ad7f0a791994d2360a9af -> 
  custom:scripting/monoscript/fileName/CinemachineHardLockToTargetEditor.cs: c65eaafd47115974a2a9379aae467b0e -> 
  custom:audio-encoder-webm-vorbis: bf7c407c2cedff20999df2af8eb42d56 -> 
  custom:scripting/monoscript/fileName/CinemachineMixingCameraEditor.cs: 1c122a21d710512fec62cdc7bd351681 -> 
  custom:scripting/monoscript/fileName/CinemachinePostProcessing.cs: bf9b100a1b61fd5383288bc96487c194 -> 
  custom:scripting/monoscript/fileName/CinemachineVirtualCameraBaseEditor.cs: 13ee4931cd85df4b22852d0547b5e690 -> 
  custom:scripting/monoscript/fileName/Cinemachine3rdPersonFollow.cs: 4600bac2bdf6b37d80e86f9aa5a413c3 -> 
  custom:scripting/monoscript/fileName/InLevelCamera.cs: a24a52c3d15667ae4e893dfcf2e2834a -> 
  custom:scripting/monoscript/fileName/CinemachineGroupComposerEditor.cs: 54a07f36704e77a685a5e7e8c8b2c216 -> 
  custom:scripting/monoscript/fileName/CinemachineConfinerEditor.cs: cc6c898a3390647ab91613c8a96de4b4 -> 
  custom:scripting/monoscript/fileName/CinemachineBlendDefinitionPropertyDrawer.cs: 7ae344d19d646b738f3c65294becf216 -> 
  custom:scripting/monoscript/fileName/CinemachineSmoothPath.cs: c28db2688f35d70587b5f943431a010a -> 
  custom:scripting/monoscript/fileName/CinemachineStateDrivenCamera.cs: aea2468a7384be4ba6d1b043ccec135d -> 
  custom:scripting/monoscript/fileName/CinemachineBlenderSettings.cs: 9adcb80668a56be4cd8e31c1d3dc60ae -> 
  custom:scripting/monoscript/fileName/SignalSourceAsset.cs: f7ffd463dece56bad278f5a8d3ed7fc6 -> 
  custom:scripting/monoscript/fileName/CinemachineCore.cs: fe6c3be993819098833de1628bfd76b2 -> 
  custom:scripting/monoscript/fileName/CinemachineImpulseChannelPropertyDrawer.cs: 4b6390a17916751618e2a45cb8d47a80 -> 
  custom:scripting/monoscript/fileName/SerializedPropertyHelper.cs: b04ac165255e34bc2935ca9bf180e209 -> 
  custom:scripting/monoscript/fileName/CinemachineFramingTransposer.cs: 7943c9d436748359882d8f978cf86c91 -> 
  custom:scripting/monoscript/fileName/CinemachineMixer.cs: 2e36eb9e732dd7c8a32e8f83daebd6f4 -> 
  custom:scripting/monoscript/fileName/CinemachineConfiner.cs: 3813336c17662a5cb6b59ce5f1954254 -> 
  custom:scripting/monoscript/fileName/CinemachineBrain.cs: 365b4e0b6319f064062e97b8f8e32c8e -> 
  custom:scripting/monoscript/fileName/CinemachineImpulseDefinitionPropertyDrawer.cs: 1b2fc77b0a80a7e0e9045e0d44fb761c -> 
  custom:scripting/monoscript/fileName/CinemachineColliderPrefs.cs: 47106451d4685409820905badf49b71f -> 
  custom:scripting/monoscript/fileName/CinemachineFollowZoom.cs: eb74e2e98d3dc4647324e113f34710ca -> 
  custom:scripting/monoscript/fileName/CinemachineDebug.cs: 3077ed3b64725184c652d4c07ac732fd -> 
  custom:video-decoder-ogg-theora: a1e56fd34408186e4bbccfd4996cb3dc -> 
  custom:scripting/monoscript/fileName/CinemachineCameraOffset.cs: a6887f67d3eb83cc6393b822d4e65121 -> 
  custom:scripting/monoscript/fileName/ICinemachineCamera.cs: 2faad4f04eaf5d98c2870adbfb06184e -> 
  custom:scripting/monoscript/fileName/CinemachineShotPlayable.cs: e346ad1ecb4af45da55274cb9abd9ec0 -> 
  custom:scripting/monoscript/fileName/CinemachineImpulseSourceEditor.cs: 0ef7804c69c18838aa65e6d5bae5b055 -> 
  custom:scripting/monoscript/fileName/CinemachineExternalCameraEditor.cs: d74df442250b898c9b40669a19100e9d -> 
  custom:scripting/monoscript/fileName/CinemachineTransposer.cs: aa226dd144b3a977b86ea888b85df5fa -> 
  custom:scripting/monoscript/fileName/ReflectionHelpers.cs: 60a5d38af3e775d0a421a7ff630d61cc -> 
  custom:scripting/monoscript/fileName/CinemachineVirtualCamera.cs: f16f2dc5bc1261579875c19605c45301 -> 
  custom:scripting/monoscript/fileName/CinemachineOrbitalTransposerEditor.cs: 5ea2e4bec7ee6c24917bd86647f4bffa -> 
  custom:scripting/monoscript/fileName/CinemachineConfiner2DEditor.cs: 3f4b3d9b17ff5cd560135aa24f822994 -> 
  custom:scripting/monoscript/fileName/GroupWeightManipulator.cs: 588749cf3436a8199e762a8e09bc8de7 -> 
  custom:scripting/monoscript/fileName/AxisStatePropertyDrawer.cs: 2d807695a513641e771c78e6c342ff04 -> 
  custom:scripting/monoscript/fileName/CinemachinePropertyAttribute.cs: e8158d9725ac3a9129a08e46a4ff7519 -> 
  custom:scripting/monoscript/fileName/CinemachineNoiseSettingsEditor.cs: 9056e69d9c759ba2504535054fff31c9 -> 
  custom:CustomObjectIndexerAttribute: 72b91833f83ae208fae7752999fa3104 -> 
  custom:scripting/monoscript/fileName/CinemachineBlenderSettingsEditor.cs: c57aa7de12bc3e7367ca091f4902c67b -> 
  custom:scripting/monoscript/fileName/CinemachineImpulseDefinition.cs: 3d434086a2bdaf715abf85e79e9f14b4 -> 
  custom:scripting/precompiled-assembly-types:com.unity.cinemachine.editor: 1f055bd45c76785b23209ab6ee180f29 -> 
  custom:scripting/monoscript/fileName/Cinemachine3rdPersonFollowEditor.cs: f79aa162534f81c680877e6274b5d6ec -> 
  custom:container-demuxer-webm: 4f35f7cbe854078d1ac9338744f61a02 -> 
  custom:scripting/monoscript/fileName/WaveformWindow.cs: 01bbc4fc017d41a2bab7fb57c988e8da -> 
  custom:scripting/monoscript/fileName/CinemachinePipeline.cs: 6ca7a5979a0a73ea1d450a8fc9b437ef -> 
  custom:scripting/monoscript/fileName/CinemachineFramingTransposerEditor.cs: 1653e1c00b2ca68b1d40f01e5bfb8445 -> 
  custom:scripting/monoscript/fileName/CinemachineStateDrivenCameraEditor.cs: 77d9f0a97385f936d9b4ffaa686bce39 -> 
  custom:scripting/monoscript/fileName/CinemachinePathEditor.cs: ce10985fbf0e018e2dea63fedae131ba -> 
  custom:scripting/monoscript/fileName/CinemachineCollisionImpulseSourceEditor.cs: 29f9a522ec6b23375849ba08fd597c8d -> 
  custom:scripting/monoscript/fileName/CinemachineTargetGroup.cs: 10a09aa736b3a25da6dd9fc3c4dd9d36 -> 
  custom:scripting/monoscript/fileName/EmbeddedAssetHelpers.cs: 90647cc400823b41df847a6cbfc29026 -> 
  custom:scripting/monoscript/fileName/CinemachineBlendListCamera.cs: 66104ac24fef171d9f5d5b93a8cb2f83 -> 
  custom:scripting/monoscript/fileName/CinemachineBasicMultiChannelPerlin.cs: bd5416e75860cd63657371207eb79058 -> 
  custom:scripting/monoscript/fileName/CinemachineImpulseListenerEditor.cs: d5d28e418f87c111bce1c1b98f1f70ba -> 
  custom:scripting/monoscript/fileName/CinemachineDollyCart.cs: bbe9d07f4a2f7ee5ab002e66cb05f922 -> 
  custom:scripting/monoscript/fileName/CinemachinePixelPerfect.cs: 2f42bea4517739481ed2553d1616050e -> 
  custom:scripting/monoscript/fileName/CinemachineSmoothPathEditor.cs: 7555bcba4eb760e012dd21c6730ae562 -> 
  custom:scripting/monoscript/fileName/ScriptableObjectUtility.cs: c529d074f6f57a07e3f410d488963bbc -> 
  custom:scripting/monoscript/fileName/CinemachinePathBase.cs: debb99764287c54cae06313e2d6a1fe1 -> 
  custom:scripting/monoscript/fileName/SplineHelpers.cs: 9e5bf4293b3828088291b7871e233a27 -> 
  custom:scripting/monoscript/fileName/CinemachineShot.cs: 3d4d9d05534db20e82d871d98ea52716 -> 
  custom:scripting/monoscript/fileName/CinemachineBasicMultiChannelPerlinEditor.cs: d6749cd6c482efa27bdd41f60394f1b9 -> 
  custom:scripting/monoscript/fileName/CinemachineHardLockToTarget.cs: d349308c5b4f600a345055c394206f52 -> 
  custom:scripting/monoscript/fileName/CinemachineConfiner2D.cs: beb10be0db8ff9d3a94bd0a150963b9b -> 
  custom:scripting/monoscript/fileName/Cinemachine3rdPersonAim.cs: 4bd230d915f070bb3cae23bef6f7ab70 -> 
  custom:video-encoder-webm-vp8: eb34c28f22e8b96e1ab97ce403110664 -> 
  custom:scripting/monoscript/fileName/CinemachineFreeLook.cs: bebc32b18bc4beddc113bad68624e557 -> 
  custom:scripting/monoscript/fileName/CinemachineVirtualCameraBase.cs: c7e60cccdcb14ee2a33da9fd46c1c54f -> 
  custom:scripting/monoscript/fileName/CinemachineFixedSignal.cs: aedcdca7a861da6e456e0ae105b24c41 -> 
  custom:scripting/monoscript/fileName/CinemachineTouchInputMapper.cs: b9698729a07a7d31c864247e0582b566 -> 
  custom:scripting/monoscript/fileName/CinemachinePOV.cs: e4df06d1994174afa286b103eb06ee7f -> 
  custom:scripting/monoscript/fileName/CinemachineFreeLookEditor.cs: 9641291977c1891a004ac4c4c259e1c8 -> 
  custom:scripting/monoscript/fileName/CinemachineTransposerEditor.cs: 85841a774ddea4fb7232a7a585f716b4 -> 
  custom:scripting/monoscript/fileName/NoiseSettings.cs: 443d576e0c72ab62870476103c9384ec -> 
  custom:scripting/monoscript/fileName/CinemachineSceneTools.cs: d63880a6073ab3335301b115db235b5b -> 
  custom:scripting/monoscript/fileName/CinemachineTriggerActionEditor.cs: 2309a2ec6192ace4cae8bab5a535978e -> 
  custom:scripting/monoscript/fileName/VcamTargetPropertyDrawer.cs: 9208050b1312b118a226fef2d63e8fa1 -> 
  custom:scripting/monoscript/fileName/CinemachineEditorAnalytics.cs: de76cc292d7ecedcf47af6616498c9f9 -> 
  custom:scripting/monoscript/fileName/CinemachineBrainEditor.cs: 49621d8b7679c0b5d128fef53d55becd -> 
  custom:scripting/monoscript/fileName/CameraState.cs: 3ec03858e4f5bd5578e14e2ade4f1591 -> 784b031cde26e82771e0f45b6a811817
  custom:scripting/monoscript/fileName/CinemachineToolbarOverlay.cs: 371b6fc494252d6fda34e207e170cb66 -> 
  custom:scripting/monoscript/fileName/CinemachineIndependentImpulseListener.cs: 91ae8748b9c36955c333e57505ff90fb -> 
  custom:scripting/monoscript/fileName/CinemachineSameAsFollowTarget.cs: bcfa2d394e1e5460b4ef3dc039214a16 -> 
  custom:scripting/monoscript/fileName/UpdateTracker.cs: 3dac8a24a32a32e4bbfeb38ed26ef250 -> 
  custom:scripting/monoscript/fileName/CinemachineComposerEditor.cs: dda533b9c6cb2b366292f584704bd904 -> 
  custom:scripting/monoscript/fileName/SaveDuringPlay.cs: de39f1962b337699845d3d8a2e8f5bde -> 
